DEB [20250122-11:29:58.256] thr=1   paramiko.transport: starting thread (client mode): 0x8702e440
DEB [20250122-11:29:58.257] thr=1   paramiko.transport: Local version/idstring: SSH-2.0-paramiko_3.5.0
DEB [20250122-11:29:58.292] thr=1   paramiko.transport: Remote version/idstring: SSH-2.0-OpenSSH_7.2
INF [20250122-11:29:58.292] thr=1   paramiko.transport: Connected (version 2.0, client OpenSSH_7.2)
DEB [20250122-11:29:58.297] thr=1   paramiko.transport: === Key exchange possibilities ===
DEB [20250122-11:29:58.298] thr=1   paramiko.transport: kex algos: curve25519-sha256@libssh.org, ecdh-sha2-nistp256, ecdh-sha2-nistp384, ecdh-sha2-nistp521, diffie-hellman-group-exchange-sha256, diffie-hellman-group14-sha1
DEB [20250122-11:29:58.298] thr=1   paramiko.transport: server key: ssh-rsa, rsa-sha2-512, rsa-sha2-256, ssh-dss, ecdsa-sha2-nistp256, ssh-ed25519
DEB [20250122-11:29:58.298] thr=1   paramiko.transport: client encrypt: chacha20-poly1305@openssh.com, aes128-ctr, aes192-ctr, aes256-ctr, aes128-gcm@openssh.com, aes256-gcm@openssh.com
DEB [20250122-11:29:58.298] thr=1   paramiko.transport: server encrypt: chacha20-poly1305@openssh.com, aes128-ctr, aes192-ctr, aes256-ctr, aes128-gcm@openssh.com, aes256-gcm@openssh.com
DEB [20250122-11:29:58.298] thr=1   paramiko.transport: client mac: umac-64-etm@openssh.com, umac-128-etm@openssh.com, hmac-sha2-256-etm@openssh.com, hmac-sha2-512-etm@openssh.com, hmac-sha1-etm@openssh.com, umac-64@openssh.com, umac-128@openssh.com, hmac-sha2-256, hmac-sha2-512, hmac-sha1
DEB [20250122-11:29:58.298] thr=1   paramiko.transport: server mac: umac-64-etm@openssh.com, umac-128-etm@openssh.com, hmac-sha2-256-etm@openssh.com, hmac-sha2-512-etm@openssh.com, hmac-sha1-etm@openssh.com, umac-64@openssh.com, umac-128@openssh.com, hmac-sha2-256, hmac-sha2-512, hmac-sha1
DEB [20250122-11:29:58.298] thr=1   paramiko.transport: client compress: none, zlib@openssh.com
DEB [20250122-11:29:58.298] thr=1   paramiko.transport: server compress: none, zlib@openssh.com
DEB [20250122-11:29:58.298] thr=1   paramiko.transport: client lang: <none>
DEB [20250122-11:29:58.298] thr=1   paramiko.transport: server lang: <none>
DEB [20250122-11:29:58.298] thr=1   paramiko.transport: kex follows: False
DEB [20250122-11:29:58.298] thr=1   paramiko.transport: === Key exchange agreements ===
DEB [20250122-11:29:58.299] thr=1   paramiko.transport: Kex: curve25519-sha256@libssh.org
DEB [20250122-11:29:58.299] thr=1   paramiko.transport: HostKey: ssh-ed25519
DEB [20250122-11:29:58.299] thr=1   paramiko.transport: Cipher: aes128-ctr
DEB [20250122-11:29:58.299] thr=1   paramiko.transport: MAC: hmac-sha2-256
DEB [20250122-11:29:58.299] thr=1   paramiko.transport: Compression: none
DEB [20250122-11:29:58.299] thr=1   paramiko.transport: === End of kex handshake ===
DEB [20250122-11:29:58.319] thr=1   paramiko.transport: kex engine KexCurve25519 specified hash_algo <built-in function openssl_sha256>
DEB [20250122-11:29:58.321] thr=1   paramiko.transport: Switch to new keys ...
DEB [20250122-11:29:58.322] thr=1   paramiko.transport: Got EXT_INFO: {'server-sig-algs': b'rsa-sha2-256,rsa-sha2-512'}
DEB [20250122-11:29:58.322] thr=2   paramiko.transport: Adding ssh-ed25519 host key for 192.168.107.137: b'443c9e96c50a700c3a06df56acdba4c6'
DEB [20250122-11:29:58.462] thr=1   paramiko.transport: userauth is OK
INF [20250122-11:29:58.503] thr=1   paramiko.transport: Authentication (password) successful!
DEB [20250122-11:29:58.504] thr=2   paramiko.transport: [chan 0] Max packet in: 32768 bytes
DEB [20250122-11:29:58.507] thr=1   paramiko.transport: Received global request "hostkeys-00@openssh.com"
DEB [20250122-11:29:58.507] thr=1   paramiko.transport: Rejecting "hostkeys-00@openssh.com" global request from server.
DEB [20250122-11:29:58.550] thr=1   paramiko.transport: [chan 0] Max packet out: 32768 bytes
DEB [20250122-11:29:58.551] thr=1   paramiko.transport: Secsh channel 0 opened.
DEB [20250122-11:29:58.556] thr=1   paramiko.transport: [chan 0] Sesch channel 0 request ok
DEB [20250122-11:29:58.559] thr=1   paramiko.transport: [chan 0] Sesch channel 0 request ok
DEB [20250122-11:29:59.563] thr=2   paramiko.transport: [chan 1] Max packet in: 32768 bytes
DEB [20250122-11:29:59.566] thr=1   paramiko.transport: [chan 1] Max packet out: 32768 bytes
DEB [20250122-11:29:59.566] thr=1   paramiko.transport: Secsh channel 1 opened.
DEB [20250122-11:29:59.571] thr=1   paramiko.transport: [chan 1] Sesch channel 1 request ok
DEB [20250122-11:29:59.581] thr=1   paramiko.transport: [chan 1] Sesch channel 1 request ok
DEB [20250122-11:29:59.581] thr=2   paramiko.transport: [chan 0] EOF sent (0)
DEB [20250122-11:29:59.594] thr=1   paramiko.transport: Ignoring message for dead channel 0
DEB [20250122-11:29:59.598] thr=1   paramiko.transport: Ignoring message for dead channel 0
DEB [20250122-11:29:59.598] thr=1   paramiko.transport: Ignoring message for dead channel 0
DEB [20250122-11:30:00.593] thr=2   paramiko.transport: [chan 2] Max packet in: 32768 bytes
DEB [20250122-11:30:00.596] thr=1   paramiko.transport: [chan 2] Max packet out: 32768 bytes
DEB [20250122-11:30:00.597] thr=1   paramiko.transport: Secsh channel 2 opened.
DEB [20250122-11:30:00.602] thr=1   paramiko.transport: [chan 2] Sesch channel 2 request ok
DEB [20250122-11:30:00.607] thr=1   paramiko.transport: [chan 2] Sesch channel 2 request ok
DEB [20250122-11:30:00.608] thr=2   paramiko.transport: [chan 1] EOF sent (1)
DEB [20250122-11:30:00.644] thr=1   paramiko.transport: Ignoring message for dead channel 1
DEB [20250122-11:30:00.645] thr=1   paramiko.transport: Ignoring message for dead channel 1
